[debug] [2024-01-12T16:36:17.196Z] ----------------------------------------------------------------------
[debug] [2024-01-12T16:36:17.198Z] Command:       C:\Program Files\nodejs\node.exe C:\Users\carlo\AppData\Roaming\npm\node_modules\firebase-tools\lib\bin\firebase.js init
[debug] [2024-01-12T16:36:17.198Z] CLI Version:   13.0.3
[debug] [2024-01-12T16:36:17.198Z] Platform:      win32
[debug] [2024-01-12T16:36:17.198Z] Node Version:  v20.10.0
[debug] [2024-01-12T16:36:17.199Z] Time:          Fri Jan 12 2024 13:36:17 GMT-0300 (Horário Padrão de Brasília)
[debug] [2024-01-12T16:36:17.199Z] ----------------------------------------------------------------------
[debug] 
[debug] [2024-01-12T16:36:17.202Z] > command requires scopes: ["email","openid","https://www.googleapis.com/auth/cloudplatformprojects.readonly","https://www.googleapis.com/auth/firebase","https://www.googleapis.com/auth/cloud-platform"]
[debug] [2024-01-12T16:36:17.202Z] > authorizing via signed-in user (carlos.avellar@gmail.com)
[info] 
     ######## #### ########  ######## ########     ###     ######  ########
     ##        ##  ##     ## ##       ##     ##  ##   ##  ##       ##
     ######    ##  ########  ######   ########  #########  ######  ######
     ##        ##  ##    ##  ##       ##     ## ##     ##       ## ##
     ##       #### ##     ## ######## ########  ##     ##  ######  ########

You're about to initialize a Firebase project in this directory:

  C:\_dev\burger-shop

Before we get started, keep in mind:

  * You are currently outside your home directory

